<?xml version="1.0" encoding="UTF-8"?>
<testsuite xmlns:xsi="http://www.w3.org/2001/XMLSchema-instance" xsi:noNamespaceSchemaLocation="https://maven.apache.org/surefire/maven-surefire-plugin/xsd/surefire-test-report-3.0.xsd" version="3.0" name="com.tuempresa.portal.usuario.domain.repository.UsuarioRepositoryTest" time="2.365" tests="2" errors="0" skipped="0" failures="0">
  <properties>
[...]
</properties>
  <testcase name="findById_CuandoNoExiste_DebeRetornarVacio" classname="com.tuempresa.portal.usuario.domain.repository.UsuarioRepositoryTest" time="0.126">
    <system-out><![CDATA[2025-05-09T00:06:57.975-04:00  INFO 52356 --- [           main] t.c.s.AnnotationConfigContextLoaderUtils : Could not detect default configuration classes for test class [com.tuempresa.portal.usuario.domain.repository.UsuarioRepositoryTest]: UsuarioRepositoryTest does not declare any static, non-private, non-final, nested classes annotated with @Configuration.
2025-05-09T00:06:58.040-04:00  INFO 52356 --- [           main] .b.t.c.SpringBootTestContextBootstrapper : Found @SpringBootConfiguration com.tuempresa.portal.usuario.UsuarioApiApplication for test class com.tuempresa.portal.usuario.domain.repository.UsuarioRepositoryTest

  .   ____          _            __ _ _
 /\\ / ___'_ __ _ _(_)_ __  __ _ \ \ \ \
( ( )\___ | '_ | '_| | '_ \/ _` | \ \ \ \
 \\/  ___)| |_)| | | | | || (_| |  ) ) ) )
  '  |____| .__|_| |_|_| |_\__, | / / / /
 =========|_|==============|___/=/_/_/_/
 :: Spring Boot ::                (v3.2.5)

2025-05-09T00:06:58.066-04:00  INFO 52356 --- [           main] c.t.p.u.d.r.UsuarioRepositoryTest        : Starting UsuarioRepositoryTest using Java 21.0.6 with PID 52356 (started by rgalvezp in C:\Users\rgalvezp\Documents\rorro\RANDSTAD)
2025-05-09T00:06:58.067-04:00  INFO 52356 --- [           main] c.t.p.u.d.r.UsuarioRepositoryTest        : No active profile set, falling back to 1 default profile: "default"
2025-05-09T00:06:58.228-04:00  INFO 52356 --- [           main] .s.d.r.c.RepositoryConfigurationDelegate : Bootstrapping Spring Data JPA repositories in DEFAULT mode.
2025-05-09T00:06:58.266-04:00  INFO 52356 --- [           main] .s.d.r.c.RepositoryConfigurationDelegate : Finished Spring Data repository scanning in 33 ms. Found 2 JPA repository interfaces.
2025-05-09T00:06:58.335-04:00  INFO 52356 --- [           main] beddedDataSourceBeanFactoryPostProcessor : Replacing 'dataSource' DataSource bean with embedded version
2025-05-09T00:06:58.372-04:00  INFO 52356 --- [           main] o.s.j.d.e.EmbeddedDatabaseFactory        : Starting embedded database: url='jdbc:h2:mem:a3bbfe77-012d-4a93-8afe-31dc017997f7;DB_CLOSE_DELAY=-1;DB_CLOSE_ON_EXIT=false', username='sa'
2025-05-09T00:06:58.803-04:00  INFO 52356 --- [           main] o.hibernate.jpa.internal.util.LogHelper  : HHH000204: Processing PersistenceUnitInfo [name: default]
2025-05-09T00:06:58.916-04:00  INFO 52356 --- [           main] org.hibernate.Version                    : HHH000412: Hibernate ORM core version 6.4.4.Final
2025-05-09T00:06:58.952-04:00  INFO 52356 --- [           main] o.h.c.internal.RegionFactoryInitiator    : HHH000026: Second-level cache disabled
2025-05-09T00:06:59.048-04:00  INFO 52356 --- [           main] o.s.o.j.p.SpringPersistenceUnitInfo      : No LoadTimeWeaver setup: ignoring JPA class transformer
2025-05-09T00:06:59.722-04:00  INFO 52356 --- [           main] o.h.e.t.j.p.i.JtaPlatformInitiator       : HHH000489: No JTA platform available (set 'hibernate.transaction.jta.platform' to enable JTA platform integration)
Hibernate: 
    create table telefono (
        id bigint generated by default as identity,
        codigo_ciudad varchar(255),
        codigo_pais varchar(255),
        numero varchar(255),
        usuario_id uuid,
        primary key (id)
    )
Hibernate: 
    create table usuario (
        id uuid not null,
        activo boolean not null,
        contrasena varchar(255),
        correo varchar(255),
        creado timestamp(6),
        modificado timestamp(6),
        nombre varchar(255),
        token varchar(255),
        ultimo_login timestamp(6),
        primary key (id)
    )
Hibernate: 
    alter table if exists usuario 
       drop constraint if exists UK_2mlfr087gb1ce55f2j87o74t
Hibernate: 
    alter table if exists usuario 
       add constraint UK_2mlfr087gb1ce55f2j87o74t unique (correo)
Hibernate: 
    alter table if exists telefono 
       add constraint FKpi2c7iq0lw09d1ovc7bn86f85 
       foreign key (usuario_id) 
       references usuario
2025-05-09T00:06:59.762-04:00  INFO 52356 --- [           main] j.LocalContainerEntityManagerFactoryBean : Initialized JPA EntityManagerFactory for persistence unit 'default'
2025-05-09T00:07:00.072-04:00  INFO 52356 --- [           main] c.t.p.u.d.r.UsuarioRepositoryTest        : Started UsuarioRepositoryTest in 2.03 seconds (process running for 6.137)
Hibernate: 
    select
        u1_0.id,
        u1_0.activo,
        u1_0.contrasena,
        u1_0.correo,
        u1_0.creado,
        u1_0.modificado,
        u1_0.nombre,
        u1_0.token,
        u1_0.ultimo_login,
        t1_0.usuario_id,
        t1_0.id,
        t1_0.codigo_ciudad,
        t1_0.codigo_pais,
        t1_0.numero 
    from
        usuario u1_0 
    left join
        telefono t1_0 
            on u1_0.id=t1_0.usuario_id 
    where
        u1_0.id=?
]]></system-out>
  </testcase>
  <testcase name="findByCorreo_CuandoExiste_DebeRetornarUsuario" classname="com.tuempresa.portal.usuario.domain.repository.UsuarioRepositoryTest" time="0.127">
    <system-out><![CDATA[Hibernate: 
    select
        u1_0.id,
        u1_0.activo,
        u1_0.contrasena,
        u1_0.correo,
        u1_0.creado,
        u1_0.modificado,
        u1_0.nombre,
        u1_0.token,
        u1_0.ultimo_login,
        t1_0.usuario_id,
        t1_0.id,
        t1_0.codigo_ciudad,
        t1_0.codigo_pais,
        t1_0.numero 
    from
        usuario u1_0 
    left join
        telefono t1_0 
            on u1_0.id=t1_0.usuario_id 
    where
        u1_0.id=?
Hibernate: 
    update
        usuario 
    set
        activo=?,
        contrasena=?,
        correo=?,
        creado=?,
        modificado=?,
        nombre=?,
        token=?,
        ultimo_login=? 
    where
        id=?
Hibernate: 
    delete 
    from
        telefono 
    where
        id=?
Hibernate: 
    select
        u1_0.id,
        u1_0.activo,
        u1_0.contrasena,
        u1_0.correo,
        u1_0.creado,
        u1_0.modificado,
        u1_0.nombre,
        u1_0.token,
        u1_0.ultimo_login 
    from
        usuario u1_0 
    where
        u1_0.correo=?
]]></system-out>
  </testcase>
</testsuite>